2026-06-19 20:29:19,137 [INFO] __main__: 
══════════════════════════════════════════════════════════════════════
2026-06-19 20:29:19,142 [INFO] __main__: Apostila : apostila-sociologia-trabalho
2026-06-19 20:29:19,144 [INFO] __main__: Agentes  : 5
2026-06-19 20:29:19,145 [INFO] __main__: Workers  : 1
2026-06-19 20:29:19,147 [INFO] __main__: Forçar   : sim
2026-06-19 20:29:19,148 [INFO] __main__: ══════════════════════════════════════════════════════════════════════
2026-06-19 20:29:19,177 [INFO] __main__: CSV carregado: 3 capítulos (formato com andaime)
2026-06-19 20:29:19,181 [INFO] __main__: Unidades : 1
2026-06-19 20:29:19,184 [INFO] __main__: Capítulos: 3
2026-06-19 20:29:19,188 [INFO] __main__: 
══════════════════════════════════════════════════════════════════════
2026-06-19 20:29:19,193 [INFO] __main__: Unidade 1: Unidade 4 — O Trabalho na Perspectiva Sociológica
2026-06-19 20:29:19,196 [INFO] __main__: ══════════════════════════════════════════════════════════════════════
2026-06-19 20:29:19,260 [INFO] __main__: 
──────────────────────────────────────────────────────────────────────
2026-06-19 20:29:19,262 [INFO] __main__: Cap. 1/3  [1.1] Capítulo 1 — O que é trabalho? Perspectivas clássicas, força de trabalho e alienação  [estágios 2–5]
2026-06-19 20:29:19,264 [INFO] __main__: ──────────────────────────────────────────────────────────────────────
2026-06-19 20:29:19,265 [INFO] __main__: 
[Agente 5] Unidade 1 | Capítulo 1: Capítulo 1 — O que é trabalho? Perspectivas clássicas, força de trabalho e alienação
2026-06-19 20:29:19,300 [INFO] __main__:     ✓ Pontos de verificação identificados: 4 seção(ões) | aplicar_agora=sim
2026-06-19 20:29:19,338 [INFO] formatador: [Formatador] Salvo: 01-01-capitulo-1-o-que-e-trabalho-perspectivas-classicas-forca-de-trabalho-e-alienacao.xml (4 blocos, 2965 palavras)
2026-06-19 20:29:19,341 [INFO] __main__:     ✓ XML gerado: 01-01-capitulo-1-o-que-e-trabalho-perspectivas-classicas-forca-de-trabalho-e-alienacao.xml
2026-06-19 20:29:19,392 [INFO] __main__: 
──────────────────────────────────────────────────────────────────────
2026-06-19 20:29:19,394 [INFO] __main__: Cap. 2/3  [1.2] Capítulo 2 — Modos de organização da produção: do taylorismo ao toyotismo  [estágios 2–5]
2026-06-19 20:29:19,396 [INFO] __main__: ──────────────────────────────────────────────────────────────────────
2026-06-19 20:29:19,398 [INFO] __main__:   ✗  Texto não disponível. Pulando Agente 5.
2026-06-19 20:29:19,445 [INFO] __main__: 
──────────────────────────────────────────────────────────────────────
2026-06-19 20:29:19,447 [INFO] __main__: Cap. 3/3  [1.3] Capítulo 3 — Trabalho contemporâneo: uberização, plataformização e divisão sexual do trabalho  [estágios 2–5]
2026-06-19 20:29:19,448 [INFO] __main__: ──────────────────────────────────────────────────────────────────────
2026-06-19 20:29:19,451 [INFO] __main__:   ✗  Texto não disponível. Pulando Agente 5.
2026-06-19 20:29:19,454 [INFO] __main__: 
══════════════════════════════════════════════════════════════════════
2026-06-19 20:29:19,457 [INFO] __main__: Pipeline concluído.
2026-06-19 20:29:19,459 [INFO] __main__: Outputs em: output/apostila-sociologia-trabalho/
2026-06-19 20:29:19,460 [INFO] __main__: Logs em: /sessions/vigilant-pensive-fermat/mnt/NOVO - IPPI - BNCC/logs/pipeline_20260619_202919.log
2026-06-19 20:29:19,462 [INFO] __main__: CSV de usage: /sessions/vigilant-pensive-fermat/mnt/NOVO - IPPI - BNCC/logs/usage_20260619_202919.csv
2026-06-19 20:29:19,463 [INFO] __main__: ══════════════════════════════════════════════════════════════════════

2026-06-19 20:29:19,511 [INFO] __main__: [Imagens] Lista de imagens salva em: /sessions/vigilant-pensive-fermat/mnt/NOVO - IPPI - BNCC/output/apostila-sociologia-trabalho/IMAGENS-NECESSARIAS.txt
2026-06-19 20:29:19,513 [INFO] __main__: [Imagens] 3 imagem(ns) em 1 capítulo(s).
2026-06-19 20:29:19,537 [INFO] __main__: [Verificações] Lista salva em: /sessions/vigilant-pensive-fermat/mnt/NOVO - IPPI - BNCC/output/apostila-sociologia-trabalho/VERIFICACOES-NECESSARIAS.txt
2026-06-19 20:29:19,541 [INFO] __main__: [Verificações] 5 marcador(es) em 1 capítulo(s).
